Test (3B): leader backs up quickly over incorrect follower logs ...
2024/06/29 22:25:02 [1]Election Start, term:1
2024/06/29 22:25:02 [4]Election Start, term:1
2024/06/29 22:25:02 [4]RequestVote[reject] term:1, voteForId:4 != candidateId:1
2024/06/29 22:25:02 [2]RequestVote[reject] term:1, voteForId:4 != candidateId:1
2024/06/29 22:25:02 [1]Election Win, term:1, granted:3,
2024/06/29 22:25:02 [1]RequestVote[reject] term:1, voteForId:1 != candidateId:4
2024/06/29 22:25:02 [3]RequestVote[reject] term:1, voteForId:1 != candidateId:4
2024/06/29 22:25:02 [1 -> 4] increment commitIndex:0, lastApplied:0, matchIndex:[0 0 0 0 0], nextIndex:[1 1 1 1 1]
2024/06/29 22:25:02 [0]RequestVote[reject] term:1, voteForId:1 != candidateId:4
2024/06/29 22:25:02 [1 -> 2] increment commitIndex:0, lastApplied:0, matchIndex:[0 0 0 0 0], nextIndex:[1 1 1 1 1]
2024/06/29 22:25:02 [1 -> 1] over a half commitIndex:0, lastApplied:0, matchIndex:[0 0 0 0 0], nextIndex:[1 1 1 1 1]
2024/06/29 22:25:02 [4]Election NotEnoughGrants, term:1, granted:2
2024/06/29 22:25:02 [1 -> 3] increment commitIndex:0, lastApplied:0, matchIndex:[0 0 0 0 0], nextIndex:[1 1 1 1 1]
2024/06/29 22:25:02 [1 -> 0] increment commitIndex:0, lastApplied:0, matchIndex:[0 0 0 0 0], nextIndex:[1 1 1 1 1]
2024/06/29 22:25:02 [1]New client command, lastLogIndex:1, command:4875740966910544520
2024/06/29 22:25:02 [2]AppendEntries[arg] preLogIdx:0, preLogTerm:0, commands:[4875740966910544520]
2024/06/29 22:25:02 [3]AppendEntries[arg] preLogIdx:0, preLogTerm:0, commands:[4875740966910544520]
2024/06/29 22:25:02 [3]AppendEntries[append] index:1, entry:&{term:1 command:4875740966910544520}
2024/06/29 22:25:02 [2]AppendEntries[append] index:1, entry:&{term:1 command:4875740966910544520}
2024/06/29 22:25:02 [4]AppendEntries[arg] preLogIdx:0, preLogTerm:0, commands:[4875740966910544520]
2024/06/29 22:25:02 [1 -> 3] increment commitIndex:0, lastApplied:0, matchIndex:[0 1 0 1 0], nextIndex:[1 2 1 2 1]
2024/06/29 22:25:02 [4]AppendEntries[append] index:1, entry:&{term:1 command:4875740966910544520}
2024/06/29 22:25:02 [1 -> 2] increment commitIndex:0, lastApplied:0, matchIndex:[0 1 1 1 0], nextIndex:[1 2 2 2 1]
2024/06/29 22:25:02 [0]AppendEntries[arg] preLogIdx:0, preLogTerm:0, commands:[4875740966910544520]
2024/06/29 22:25:02 [0]AppendEntries[append] index:1, entry:&{term:1 command:4875740966910544520}
2024/06/29 22:25:02 [1 -> 1] over a half commitIndex:1, lastApplied:0, matchIndex:[0 1 1 1 0], nextIndex:[1 2 2 2 1]
2024/06/29 22:25:02 [1]ApplyMsg: {CommandValid:true Command:4875740966910544520 CommandIndex:1 SnapshotValid:false Snapshot:[] SnapshotTerm:0 SnapshotIndex:0}
2024/06/29 22:25:02 [1 -> 4] increment commitIndex:1, lastApplied:1, matchIndex:[0 1 1 1 1], nextIndex:[1 2 2 2 2]
2024/06/29 22:25:02 [1 -> 0] increment commitIndex:1, lastApplied:1, matchIndex:[1 1 1 1 1], nextIndex:[2 2 2 2 2]
2024/06/29 22:25:02 [0]AppendEntries[arg] preLogIdx:0, preLogTerm:0, commands:[4875740966910544520]
2024/06/29 22:25:02 [0]AppendEntries[overwrite] index:1, entry:&{term:1 command:4875740966910544520}
2024/06/29 22:25:02 [0]AppendEntries[commit] my lastIdx:1, commitIndex:0 -> 1
2024/06/29 22:25:02 [0]ApplyMsg: {CommandValid:true Command:4875740966910544520 CommandIndex:1 SnapshotValid:false Snapshot:[] SnapshotTerm:0 SnapshotIndex:0}
2024/06/29 22:25:02 [2]AppendEntries[commit] my lastIdx:1, commitIndex:0 -> 1
2024/06/29 22:25:02 [2]ApplyMsg: {CommandValid:true Command:4875740966910544520 CommandIndex:1 SnapshotValid:false Snapshot:[] SnapshotTerm:0 SnapshotIndex:0}
2024/06/29 22:25:02 [3]AppendEntries[commit] my lastIdx:1, commitIndex:0 -> 1
2024/06/29 22:25:02 [3]ApplyMsg: {CommandValid:true Command:4875740966910544520 CommandIndex:1 SnapshotValid:false Snapshot:[] SnapshotTerm:0 SnapshotIndex:0}
2024/06/29 22:25:02 [4]AppendEntries[commit] my lastIdx:1, commitIndex:0 -> 1
2024/06/29 22:25:02 [4]ApplyMsg: {CommandValid:true Command:4875740966910544520 CommandIndex:1 SnapshotValid:false Snapshot:[] SnapshotTerm:0 SnapshotIndex:0}
2024/06/29 22:25:02 [1 -> 2] increment commitIndex:1, lastApplied:1, matchIndex:[1 1 1 1 1], nextIndex:[2 2 2 2 2]
2024/06/29 22:25:02 [1 -> 4] increment commitIndex:1, lastApplied:1, matchIndex:[1 1 1 1 1], nextIndex:[2 2 2 2 2]
2024/06/29 22:25:02 [1 -> 1] over a half commitIndex:1, lastApplied:1, matchIndex:[1 1 1 1 1], nextIndex:[2 2 2 2 2]
2024/06/29 22:25:02 [1 -> 3] increment commitIndex:1, lastApplied:1, matchIndex:[1 1 1 1 1], nextIndex:[2 2 2 2 2]
2024/06/29 22:25:02 [1 -> 0] increment commitIndex:1, lastApplied:1, matchIndex:[1 1 1 1 1], nextIndex:[2 2 2 2 2]
2024/06/29 22:25:03 [1 -> 2] increment commitIndex:1, lastApplied:1, matchIndex:[1 1 1 1 1], nextIndex:[2 2 2 2 2]
2024/06/29 22:25:03 [1 -> 4] increment commitIndex:1, lastApplied:1, matchIndex:[1 1 1 1 1], nextIndex:[2 2 2 2 2]
2024/06/29 22:25:03 [1 -> 1] over a half commitIndex:1, lastApplied:1, matchIndex:[1 1 1 1 1], nextIndex:[2 2 2 2 2]
2024/06/29 22:25:03 [1 -> 3] increment commitIndex:1, lastApplied:1, matchIndex:[1 1 1 1 1], nextIndex:[2 2 2 2 2]
2024/06/29 22:25:03 [1 -> 0] increment commitIndex:1, lastApplied:1, matchIndex:[1 1 1 1 1], nextIndex:[2 2 2 2 2]
2024/06/29 22:25:03 [3]disconnect----------------------------------------
2024/06/29 22:25:03 [4]disconnect----------------------------------------
2024/06/29 22:25:03 [0]disconnect----------------------------------------
2024/06/29 22:25:03 [1]New client command, lastLogIndex:2, command:657868264117567392
2024/06/29 22:25:03 [1]New client command, lastLogIndex:3, command:1114463040797826990
2024/06/29 22:25:03 [1]New client command, lastLogIndex:4, command:7818686033212353296
2024/06/29 22:25:03 [1]New client command, lastLogIndex:5, command:1543208673435596924
2024/06/29 22:25:03 [1]New client command, lastLogIndex:6, command:7044239317867830978
2024/06/29 22:25:03 [1]New client command, lastLogIndex:7, command:7428011681922528164
2024/06/29 22:25:03 [1]New client command, lastLogIndex:8, command:8132428385341011314
2024/06/29 22:25:03 [1]New client command, lastLogIndex:9, command:2215416651496405358
2024/06/29 22:25:03 [1]New client command, lastLogIndex:10, command:4192876200786697339
2024/06/29 22:25:03 [1]New client command, lastLogIndex:11, command:1915909814878071035
2024/06/29 22:25:03 [1]New client command, lastLogIndex:12, command:4498771157677105914
2024/06/29 22:25:03 [1]New client command, lastLogIndex:13, command:1916015208994339070
2024/06/29 22:25:03 [1]New client command, lastLogIndex:14, command:7925976753906032705
2024/06/29 22:25:03 [1]New client command, lastLogIndex:15, command:6537183416740455197
2024/06/29 22:25:03 [1]New client command, lastLogIndex:16, command:765782487472625836
2024/06/29 22:25:03 [1]New client command, lastLogIndex:17, command:499783398223354326
2024/06/29 22:25:03 [1]New client command, lastLogIndex:18, command:4561082861743768483
2024/06/29 22:25:03 [1]New client command, lastLogIndex:19, command:8999083884618295765
2024/06/29 22:25:03 [1]New client command, lastLogIndex:20, command:3858784282266196020
2024/06/29 22:25:03 [1]New client command, lastLogIndex:21, command:7762351922393376857
2024/06/29 22:25:03 [1]New client command, lastLogIndex:22, command:1389605708777956081
2024/06/29 22:25:03 [1]New client command, lastLogIndex:23, command:3029659727160886999
2024/06/29 22:25:03 [1]New client command, lastLogIndex:24, command:6359107820313834858
2024/06/29 22:25:03 [1]New client command, lastLogIndex:25, command:1677650974762860990
2024/06/29 22:25:03 [1]New client command, lastLogIndex:26, command:3966746404261208291
2024/06/29 22:25:03 [2]AppendEntries[arg] preLogIdx:1, preLogTerm:1, commands:[657868264117567392 1114463040797826990 7818686033212353296 1543208673435596924 7044239317867830978]
2024/06/29 22:25:03 [2]AppendEntries[append] index:2, entry:&{term:1 command:657868264117567392}
2024/06/29 22:25:03 [2]AppendEntries[append] index:3, entry:&{term:1 command:1114463040797826990}
2024/06/29 22:25:03 [2]AppendEntries[append] index:4, entry:&{term:1 command:7818686033212353296}
2024/06/29 22:25:03 [2]AppendEntries[arg] preLogIdx:1, preLogTerm:1, commands:[657868264117567392 1114463040797826990]
2024/06/29 22:25:03 [2]AppendEntries[append] index:5, entry:&{term:1 command:1543208673435596924}
2024/06/29 22:25:03 [2]AppendEntries[append] index:6, entry:&{term:1 command:7044239317867830978}
2024/06/29 22:25:03 [2]AppendEntries[overwrite] index:2, entry:&{term:1 command:657868264117567392}
2024/06/29 22:25:03 [2]AppendEntries[overwrite] index:3, entry:&{term:1 command:1114463040797826990}
2024/06/29 22:25:03 [1]New client command, lastLogIndex:27, command:2787345625740849838
2024/06/29 22:25:03 [1]New client command, lastLogIndex:28, command:4842317732308840407
2024/06/29 22:25:03 [1]New client command, lastLogIndex:29, command:2741738545891124237
2024/06/29 22:25:03 [1]New client command, lastLogIndex:30, command:1243739524426331175
2024/06/29 22:25:03 [1]New client command, lastLogIndex:31, command:1709917495396679940
2024/06/29 22:25:03 [1]New client command, lastLogIndex:32, command:5025317923421452716
2024/06/29 22:25:03 [1]New client command, lastLogIndex:33, command:7006774517617927877
2024/06/29 22:25:03 [1]New client command, lastLogIndex:34, command:5594478099174984331
2024/06/29 22:25:03 [1]New client command, lastLogIndex:35, command:1647779963024898541
2024/06/29 22:25:03 [1]New client command, lastLogIndex:36, command:6665215293712369821
2024/06/29 22:25:03 [1]New client command, lastLogIndex:37, command:1898483486070320559
2024/06/29 22:25:03 [1]New client command, lastLogIndex:38, command:2352654530426656278
2024/06/29 22:25:03 [1]New client command, lastLogIndex:39, command:115596183073591354
2024/06/29 22:25:03 [1]New client command, lastLogIndex:40, command:4520724264807880
2024/06/29 22:25:03 [1]New client command, lastLogIndex:41, command:8018380680022815065
2024/06/29 22:25:03 [1]New client command, lastLogIndex:42, command:6685732244858720433
2024/06/29 22:25:03 [1]New client command, lastLogIndex:43, command:4459470334902572114
2024/06/29 22:25:03 [1]New client command, lastLogIndex:44, command:2717003644926240747
2024/06/29 22:25:03 [1]New client command, lastLogIndex:45, command:525085152889470833
2024/06/29 22:25:03 [1]New client command, lastLogIndex:46, command:3787497715314988432
2024/06/29 22:25:03 [1]New client command, lastLogIndex:47, command:8886644712271678168
2024/06/29 22:25:03 [1]New client command, lastLogIndex:48, command:1978473873898730538
2024/06/29 22:25:03 [1]New client command, lastLogIndex:49, command:7653387811190583326
2024/06/29 22:25:03 [1]New client command, lastLogIndex:50, command:8426787073742270655
2024/06/29 22:25:03 [1]New client command, lastLogIndex:51, command:2138829492476763113
2024/06/29 22:25:03 [2]AppendEntries[arg] preLogIdx:1, preLogTerm:1, commands:[657868264117567392 1114463040797826990 7818686033212353296 1543208673435596924 7044239317867830978 7428011681922528164 8132428385341011314 2215416651496405358 4192876200786697339 1915909814878071035 4498771157677105914 1916015208994339070 7925976753906032705 6537183416740455197 765782487472625836 499783398223354326 4561082861743768483 8999083884618295765 3858784282266196020 7762351922393376857 1389605708777956081 3029659727160886999 6359107820313834858 1677650974762860990 3966746404261208291]
2024/06/29 22:25:03 [2]AppendEntries[overwrite] index:2, entry:&{term:1 command:657868264117567392}
2024/06/29 22:25:03 [2]AppendEntries[overwrite] index:3, entry:&{term:1 command:1114463040797826990}
2024/06/29 22:25:03 [2]AppendEntries[overwrite] index:4, entry:&{term:1 command:7818686033212353296}
2024/06/29 22:25:03 [2]AppendEntries[overwrite] index:5, entry:&{term:1 command:1543208673435596924}
2024/06/29 22:25:03 [2]AppendEntries[overwrite] index:6, entry:&{term:1 command:7044239317867830978}
2024/06/29 22:25:03 [2]AppendEntries[append] index:7, entry:&{term:1 command:7428011681922528164}
2024/06/29 22:25:03 [2]AppendEntries[append] index:8, entry:&{term:1 command:8132428385341011314}
2024/06/29 22:25:03 [2]AppendEntries[append] index:9, entry:&{term:1 command:2215416651496405358}
2024/06/29 22:25:03 [2]AppendEntries[append] index:10, entry:&{term:1 command:4192876200786697339}
2024/06/29 22:25:03 [1 -> 2] increment commitIndex:1, lastApplied:1, matchIndex:[1 16 3 1 1], nextIndex:[2 17 4 2 2]
2024/06/29 22:25:03 [2]AppendEntries[arg] preLogIdx:3, preLogTerm:1, commands:[7818686033212353296 1543208673435596924 7044239317867830978 7428011681922528164 8132428385341011314]
2024/06/29 22:25:03 [2]AppendEntries[arg] preLogIdx:1, preLogTerm:1, commands:[657868264117567392 1114463040797826990 7818686033212353296]
2024/06/29 22:25:03 [2]AppendEntries[arg] preLogIdx:1, preLogTerm:1, commands:[657868264117567392 1114463040797826990 7818686033212353296 1543208673435596924 7044239317867830978 7428011681922528164]
2024/06/29 22:25:03 [2]AppendEntries[append] index:11, entry:&{term:1 command:1915909814878071035}
2024/06/29 22:25:03 [2]AppendEntries[append] index:12, entry:&{term:1 command:4498771157677105914}
2024/06/29 22:25:03 [2]AppendEntries[append] index:13, entry:&{term:1 command:1916015208994339070}
2024/06/29 22:25:03 [2]AppendEntries[append] index:14, entry:&{term:1 command:7925976753906032705}
2024/06/29 22:25:03 [2]AppendEntries[append] index:15, entry:&{term:1 command:6537183416740455197}
2024/06/29 22:25:03 [2]AppendEntries[arg] preLogIdx:1, preLogTerm:1, commands:[657868264117567392]
2024/06/29 22:25:03 [2]AppendEntries[append] index:16, entry:&{term:1 command:765782487472625836}
2024/06/29 22:25:03 [2]AppendEntries[append] index:17, entry:&{term:1 command:499783398223354326}
2024/06/29 22:25:03 [2]AppendEntries[append] index:18, entry:&{term:1 command:4561082861743768483}
2024/06/29 22:25:03 [2]AppendEntries[append] index:19, entry:&{term:1 command:8999083884618295765}
2024/06/29 22:25:03 [2]AppendEntries[append] index:20, entry:&{term:1 command:3858784282266196020}
2024/06/29 22:25:03 [2]AppendEntries[append] index:21, entry:&{term:1 command:7762351922393376857}
2024/06/29 22:25:03 [2]AppendEntries[append] index:22, entry:&{term:1 command:1389605708777956081}
2024/06/29 22:25:03 [2]AppendEntries[append] index:23, entry:&{term:1 command:3029659727160886999}
2024/06/29 22:25:03 [2]AppendEntries[append] index:24, entry:&{term:1 command:6359107820313834858}
2024/06/29 22:25:03 [2]AppendEntries[append] index:25, entry:&{term:1 command:1677650974762860990}
2024/06/29 22:25:03 [2]AppendEntries[append] index:26, entry:&{term:1 command:3966746404261208291}
2024/06/29 22:25:03 [1 -> 2] increment commitIndex:1, lastApplied:1, matchIndex:[1 31 26 1 1], nextIndex:[2 32 27 2 2]
2024/06/29 22:25:03 [2]AppendEntries[arg] preLogIdx:1, preLogTerm:1, commands:[657868264117567392 1114463040797826990 7818686033212353296 1543208673435596924]
2024/06/29 22:25:03 [2]AppendEntries[overwrite] index:2, entry:&{term:1 command:657868264117567392}
2024/06/29 22:25:03 [2]AppendEntries[overwrite] index:3, entry:&{term:1 command:1114463040797826990}
2024/06/29 22:25:03 [2]AppendEntries[overwrite] index:4, entry:&{term:1 command:7818686033212353296}
2024/06/29 22:25:03 [2]AppendEntries[overwrite] index:5, entry:&{term:1 command:1543208673435596924}
2024/06/29 22:25:03 [2]AppendEntries[arg] preLogIdx:26, preLogTerm:1, commands:[2787345625740849838]
2024/06/29 22:25:03 [2]AppendEntries[append] index:27, entry:&{term:1 command:2787345625740849838}
2024/06/29 22:25:03 [2]AppendEntries[arg] preLogIdx:3, preLogTerm:1, commands:[7818686033212353296 1543208673435596924 7044239317867830978 7428011681922528164 8132428385341011314 2215416651496405358 4192876200786697339]
2024/06/29 22:25:03 [2]AppendEntries[overwrite] index:4, entry:&{term:1 command:7818686033212353296}
2024/06/29 22:25:03 [2]AppendEntries[overwrite] index:5, entry:&{term:1 command:1543208673435596924}
2024/06/29 22:25:03 [2]AppendEntries[overwrite] index:6, entry:&{term:1 command:7044239317867830978}
2024/06/29 22:25:03 [2]AppendEntries[overwrite] index:7, entry:&{term:1 command:7428011681922528164}
2024/06/29 22:25:03 [2]AppendEntries[overwrite] index:8, entry:&{term:1 command:8132428385341011314}
2024/06/29 22:25:03 [2]AppendEntries[overwrite] index:9, entry:&{term:1 command:2215416651496405358}
2024/06/29 22:25:03 [2]AppendEntries[overwrite] index:10, entry:&{term:1 command:4192876200786697339}
2024/06/29 22:25:03 [2]AppendEntries[arg] preLogIdx:3, preLogTerm:1, commands:[7818686033212353296 1543208673435596924 7044239317867830978 7428011681922528164 8132428385341011314 2215416651496405358 4192876200786697339 1915909814878071035 4498771157677105914 1916015208994339070 7925976753906032705 6537183416740455197 765782487472625836 499783398223354326 4561082861743768483 8999083884618295765 3858784282266196020 7762351922393376857 1389605708777956081 3029659727160886999 6359107820313834858 1677650974762860990 3966746404261208291 2787345625740849838 4842317732308840407 2741738545891124237 1243739524426331175 1709917495396679940 5025317923421452716 7006774517617927877 5594478099174984331 1647779963024898541 6665215293712369821 1898483486070320559 2352654530426656278 115596183073591354 4520724264807880 8018380680022815065 6685732244858720433 4459470334902572114 2717003644926240747 525085152889470833 3787497715314988432 8886644712271678168 1978473873898730538 7653387811190583326 8426787073742270655 2138829492476763113]
2024/06/29 22:25:03 [2]AppendEntries[overwrite] index:4, entry:&{term:1 command:7818686033212353296}
2024/06/29 22:25:03 [2]AppendEntries[overwrite] index:5, entry:&{term:1 command:1543208673435596924}
2024/06/29 22:25:03 [2]AppendEntries[overwrite] index:6, entry:&{term:1 command:7044239317867830978}
2024/06/29 22:25:03 [2]AppendEntries[overwrite] index:7, entry:&{term:1 command:7428011681922528164}
2024/06/29 22:25:03 [2]AppendEntries[overwrite] index:8, entry:&{term:1 command:8132428385341011314}
2024/06/29 22:25:03 [2]AppendEntries[overwrite] index:9, entry:&{term:1 command:2215416651496405358}
2024/06/29 22:25:03 [2]AppendEntries[overwrite] index:10, entry:&{term:1 command:4192876200786697339}
2024/06/29 22:25:03 [2]AppendEntries[overwrite] index:11, entry:&{term:1 command:1915909814878071035}
2024/06/29 22:25:03 [2]AppendEntries[overwrite] index:12, entry:&{term:1 command:4498771157677105914}
2024/06/29 22:25:03 [2]AppendEntries[overwrite] index:13, entry:&{term:1 command:1916015208994339070}
2024/06/29 22:25:03 [2]AppendEntries[overwrite] index:14, entry:&{term:1 command:7925976753906032705}
2024/06/29 22:25:03 [2]AppendEntries[overwrite] index:15, entry:&{term:1 command:6537183416740455197}
2024/06/29 22:25:03 [2]AppendEntries[overwrite] index:16, entry:&{term:1 command:765782487472625836}
2024/06/29 22:25:03 [2]AppendEntries[overwrite] index:17, entry:&{term:1 command:499783398223354326}
2024/06/29 22:25:03 [2]AppendEntries[overwrite] index:18, entry:&{term:1 command:4561082861743768483}
2024/06/29 22:25:03 [2]AppendEntries[overwrite] index:19, entry:&{term:1 command:8999083884618295765}
2024/06/29 22:25:03 [2]AppendEntries[overwrite] index:20, entry:&{term:1 command:3858784282266196020}
2024/06/29 22:25:03 [2]AppendEntries[overwrite] index:21, entry:&{term:1 command:7762351922393376857}
2024/06/29 22:25:03 [2]AppendEntries[overwrite] index:22, entry:&{term:1 command:1389605708777956081}
2024/06/29 22:25:03 [2]AppendEntries[overwrite] index:23, entry:&{term:1 command:3029659727160886999}
2024/06/29 22:25:03 [2]AppendEntries[overwrite] index:24, entry:&{term:1 command:6359107820313834858}
2024/06/29 22:25:03 [2]AppendEntries[overwrite] index:25, entry:&{term:1 command:1677650974762860990}
2024/06/29 22:25:03 [2]AppendEntries[overwrite] index:26, entry:&{term:1 command:3966746404261208291}
2024/06/29 22:25:03 [2]AppendEntries[overwrite] index:27, entry:&{term:1 command:2787345625740849838}
2024/06/29 22:25:03 [2]AppendEntries[append] index:28, entry:&{term:1 command:4842317732308840407}
2024/06/29 22:25:03 [2]AppendEntries[append] index:29, entry:&{term:1 command:2741738545891124237}
2024/06/29 22:25:03 [2]AppendEntries[append] index:30, entry:&{term:1 command:1243739524426331175}
2024/06/29 22:25:03 [2]AppendEntries[append] index:31, entry:&{term:1 command:1709917495396679940}
2024/06/29 22:25:03 [2]AppendEntries[append] index:32, entry:&{term:1 command:5025317923421452716}
2024/06/29 22:25:03 [2]AppendEntries[append] index:33, entry:&{term:1 command:7006774517617927877}
2024/06/29 22:25:03 [2]AppendEntries[append] index:34, entry:&{term:1 command:5594478099174984331}
2024/06/29 22:25:03 [2]AppendEntries[append] index:35, entry:&{term:1 command:1647779963024898541}
2024/06/29 22:25:03 [2]AppendEntries[append] index:36, entry:&{term:1 command:6665215293712369821}
2024/06/29 22:25:03 [2]AppendEntries[append] index:37, entry:&{term:1 command:1898483486070320559}
2024/06/29 22:25:03 [2]AppendEntries[append] index:38, entry:&{term:1 command:2352654530426656278}
2024/06/29 22:25:03 [2]AppendEntries[append] index:39, entry:&{term:1 command:115596183073591354}
2024/06/29 22:25:03 [2]AppendEntries[append] index:40, entry:&{term:1 command:4520724264807880}
2024/06/29 22:25:03 [2]AppendEntries[append] index:41, entry:&{term:1 command:8018380680022815065}
2024/06/29 22:25:03 [2]AppendEntries[append] index:42, entry:&{term:1 command:6685732244858720433}
2024/06/29 22:25:03 [2]AppendEntries[append] index:43, entry:&{term:1 command:4459470334902572114}
2024/06/29 22:25:03 [2]AppendEntries[append] index:44, entry:&{term:1 command:2717003644926240747}
2024/06/29 22:25:03 [2]AppendEntries[append] index:45, entry:&{term:1 command:525085152889470833}
2024/06/29 22:25:03 [2]AppendEntries[append] index:46, entry:&{term:1 command:3787497715314988432}
2024/06/29 22:25:03 [2]AppendEntries[append] index:47, entry:&{term:1 command:8886644712271678168}
2024/06/29 22:25:03 [2]AppendEntries[append] index:48, entry:&{term:1 command:1978473873898730538}
2024/06/29 22:25:03 [2]AppendEntries[append] index:49, entry:&{term:1 command:7653387811190583326}
2024/06/29 22:25:03 [2]AppendEntries[append] index:50, entry:&{term:1 command:8426787073742270655}
2024/06/29 22:25:03 [2]AppendEntries[append] index:51, entry:&{term:1 command:2138829492476763113}
2024/06/29 22:25:03 [2]AppendEntries[arg] preLogIdx:26, preLogTerm:1, commands:[2787345625740849838 4842317732308840407]
2024/06/29 22:25:03 [2]AppendEntries[overwrite] index:27, entry:&{term:1 command:2787345625740849838}
2024/06/29 22:25:03 [2]AppendEntries[overwrite] index:28, entry:&{term:1 command:4842317732308840407}
2024/06/29 22:25:03 [2]AppendEntries[overwrite] index:4, entry:&{term:1 command:7818686033212353296}
2024/06/29 22:25:03 [1 -> 2] increment commitIndex:1, lastApplied:1, matchIndex:[1 40 26 1 1], nextIndex:[2 41 27 2 2]
2024/06/29 22:25:03 [2]AppendEntries[arg] preLogIdx:26, preLogTerm:1, commands:[2787345625740849838 4842317732308840407 2741738545891124237 1243739524426331175 1709917495396679940 5025317923421452716 7006774517617927877 5594478099174984331 1647779963024898541 6665215293712369821 1898483486070320559 2352654530426656278 115596183073591354 4520724264807880 8018380680022815065 6685732244858720433]
2024/06/29 22:25:03 [2]AppendEntries[arg] preLogIdx:26, preLogTerm:1, commands:[2787345625740849838 4842317732308840407 2741738545891124237 1243739524426331175 1709917495396679940 5025317923421452716 7006774517617927877 5594478099174984331 1647779963024898541 6665215293712369821 1898483486070320559 2352654530426656278 115596183073591354 4520724264807880 8018380680022815065 6685732244858720433 4459470334902572114]
2024/06/29 22:25:03 [2]AppendEntries[arg] preLogIdx:26, preLogTerm:1, commands:[2787345625740849838 4842317732308840407 2741738545891124237 1243739524426331175 1709917495396679940 5025317923421452716 7006774517617927877 5594478099174984331 1647779963024898541 6665215293712369821 1898483486070320559 2352654530426656278 115596183073591354 4520724264807880 8018380680022815065 6685732244858720433 4459470334902572114 2717003644926240747 525085152889470833]
2024/06/29 22:25:03 [2]AppendEntries[arg] preLogIdx:26, preLogTerm:1, commands:[2787345625740849838 4842317732308840407 2741738545891124237 1243739524426331175 1709917495396679940 5025317923421452716 7006774517617927877 5594478099174984331 1647779963024898541 6665215293712369821 1898483486070320559 2352654530426656278 115596183073591354 4520724264807880 8018380680022815065]
2024/06/29 22:25:03 [2]AppendEntries[arg] preLogIdx:26, preLogTerm:1, commands:[2787345625740849838 4842317732308840407 2741738545891124237 1243739524426331175 1709917495396679940 5025317923421452716 7006774517617927877 5594478099174984331 1647779963024898541 6665215293712369821 1898483486070320559 2352654530426656278 115596183073591354 4520724264807880 8018380680022815065 6685732244858720433 4459470334902572114 2717003644926240747]
2024/06/29 22:25:03 [1 -> 2] increment commitIndex:1, lastApplied:1, matchIndex:[1 40 6 1 1], nextIndex:[2 41 7 2 2]
2024/06/29 22:25:03 [1 -> 2] increment commitIndex:1, lastApplied:1, matchIndex:[1 40 5 1 1], nextIndex:[2 41 6 2 2]
2024/06/29 22:25:03 [1 -> 2] increment commitIndex:1, lastApplied:1, matchIndex:[1 40 26 1 1], nextIndex:[2 41 27 2 2]
2024/06/29 22:25:03 [1 -> 2] increment commitIndex:1, lastApplied:1, matchIndex:[1 40 26 1 1], nextIndex:[2 41 27 2 2]
2024/06/29 22:25:03 [1 -> 2] increment commitIndex:1, lastApplied:1, matchIndex:[1 40 10 1 1], nextIndex:[2 41 11 2 2]
2024/06/29 22:25:03 [2]AppendEntries[arg] preLogIdx:26, preLogTerm:1, commands:[2787345625740849838 4842317732308840407 2741738545891124237]
2024/06/29 22:25:03 [1 -> 2] increment commitIndex:1, lastApplied:1, matchIndex:[1 40 51 1 1], nextIndex:[2 41 52 2 2]
2024/06/29 22:25:03 [2]AppendEntries[arg] preLogIdx:3, preLogTerm:1, commands:[7818686033212353296 1543208673435596924 7044239317867830978 7428011681922528164 8132428385341011314 2215416651496405358]
2024/06/29 22:25:03 [2]AppendEntries[overwrite] index:5, entry:&{term:1 command:1543208673435596924}
2024/06/29 22:25:03 [2]AppendEntries[overwrite] index:6, entry:&{term:1 command:7044239317867830978}
2024/06/29 22:25:03 [2]AppendEntries[overwrite] index:7, entry:&{term:1 command:7428011681922528164}
2024/06/29 22:25:03 [2]AppendEntries[overwrite] index:8, entry:&{term:1 command:8132428385341011314}
2024/06/29 22:25:03 [2]AppendEntries[overwrite] index:2, entry:&{term:1 command:657868264117567392}
2024/06/29 22:25:03 [2]AppendEntries[overwrite] index:3, entry:&{term:1 command:1114463040797826990}
2024/06/29 22:25:03 [2]AppendEntries[overwrite] index:4, entry:&{term:1 command:7818686033212353296}
2024/06/29 22:25:03 [2]AppendEntries[overwrite] index:2, entry:&{term:1 command:657868264117567392}
2024/06/29 22:25:03 [2]AppendEntries[overwrite] index:3, entry:&{term:1 command:1114463040797826990}
2024/06/29 22:25:03 [2]AppendEntries[overwrite] index:4, entry:&{term:1 command:7818686033212353296}
2024/06/29 22:25:03 [2]AppendEntries[overwrite] index:5, entry:&{term:1 command:1543208673435596924}
2024/06/29 22:25:03 [2]AppendEntries[overwrite] index:6, entry:&{term:1 command:7044239317867830978}
2024/06/29 22:25:03 [2]AppendEntries[overwrite] index:7, entry:&{term:1 command:7428011681922528164}
2024/06/29 22:25:03 [2]AppendEntries[overwrite] index:2, entry:&{term:1 command:657868264117567392}
2024/06/29 22:25:03 [2]AppendEntries[overwrite] index:27, entry:&{term:1 command:2787345625740849838}
2024/06/29 22:25:03 [2]AppendEntries[overwrite] index:28, entry:&{term:1 command:4842317732308840407}
2024/06/29 22:25:03 [2]AppendEntries[overwrite] index:29, entry:&{term:1 command:2741738545891124237}
2024/06/29 22:25:03 [2]AppendEntries[overwrite] index:30, entry:&{term:1 command:1243739524426331175}
2024/06/29 22:25:03 [2]AppendEntries[overwrite] index:31, entry:&{term:1 command:1709917495396679940}
2024/06/29 22:25:03 [2]AppendEntries[overwrite] index:32, entry:&{term:1 command:5025317923421452716}
2024/06/29 22:25:03 [2]AppendEntries[overwrite] index:33, entry:&{term:1 command:7006774517617927877}
2024/06/29 22:25:03 [2]AppendEntries[overwrite] index:34, entry:&{term:1 command:5594478099174984331}
2024/06/29 22:25:03 [2]AppendEntries[overwrite] index:35, entry:&{term:1 command:1647779963024898541}
2024/06/29 22:25:03 [2]AppendEntries[overwrite] index:36, entry:&{term:1 command:6665215293712369821}
2024/06/29 22:25:03 [2]AppendEntries[overwrite] index:37, entry:&{term:1 command:1898483486070320559}
2024/06/29 22:25:03 [2]AppendEntries[overwrite] index:38, entry:&{term:1 command:2352654530426656278}
2024/06/29 22:25:03 [2]AppendEntries[overwrite] index:39, entry:&{term:1 command:115596183073591354}
2024/06/29 22:25:03 [2]AppendEntries[overwrite] index:40, entry:&{term:1 command:4520724264807880}
2024/06/29 22:25:03 [2]AppendEntries[overwrite] index:41, entry:&{term:1 command:8018380680022815065}
2024/06/29 22:25:03 [2]AppendEntries[overwrite] index:42, entry:&{term:1 command:6685732244858720433}
2024/06/29 22:25:03 [2]AppendEntries[overwrite] index:27, entry:&{term:1 command:2787345625740849838}
2024/06/29 22:25:03 [2]AppendEntries[overwrite] index:28, entry:&{term:1 command:4842317732308840407}
2024/06/29 22:25:03 [2]AppendEntries[overwrite] index:29, entry:&{term:1 command:2741738545891124237}
2024/06/29 22:25:03 [2]AppendEntries[overwrite] index:30, entry:&{term:1 command:1243739524426331175}
2024/06/29 22:25:03 [2]AppendEntries[overwrite] index:31, entry:&{term:1 command:1709917495396679940}
2024/06/29 22:25:03 [2]AppendEntries[overwrite] index:32, entry:&{term:1 command:5025317923421452716}
2024/06/29 22:25:03 [2]AppendEntries[overwrite] index:33, entry:&{term:1 command:7006774517617927877}
2024/06/29 22:25:03 [2]AppendEntries[overwrite] index:34, entry:&{term:1 command:5594478099174984331}
2024/06/29 22:25:03 [2]AppendEntries[overwrite] index:35, entry:&{term:1 command:1647779963024898541}
2024/06/29 22:25:03 [2]AppendEntries[overwrite] index:36, entry:&{term:1 command:6665215293712369821}
2024/06/29 22:25:03 [1 -> 2] increment commitIndex:1, lastApplied:1, matchIndex:[1 40 27 1 1], nextIndex:[2 41 28 2 2]
2024/06/29 22:25:03 [1 -> 2] increment commitIndex:1, lastApplied:1, matchIndex:[1 40 7 1 1], nextIndex:[2 41 8 2 2]
2024/06/29 22:25:03 [1 -> 2] increment commitIndex:1, lastApplied:1, matchIndex:[1 40 2 1 1], nextIndex:[2 41 3 2 2]
2024/06/29 22:25:03 [1 -> 2] increment commitIndex:1, lastApplied:1, matchIndex:[1 40 8 1 1], nextIndex:[2 41 9 2 2]
2024/06/29 22:25:03 [1 -> 2] increment commitIndex:1, lastApplied:1, matchIndex:[1 40 26 1 1], nextIndex:[2 41 27 2 2]
2024/06/29 22:25:03 [2]AppendEntries[arg] preLogIdx:7, preLogTerm:1, commands:[8132428385341011314 2215416651496405358 4192876200786697339 1915909814878071035 4498771157677105914 1916015208994339070 7925976753906032705 6537183416740455197 765782487472625836 499783398223354326 4561082861743768483 8999083884618295765 3858784282266196020 7762351922393376857 1389605708777956081 3029659727160886999 6359107820313834858 1677650974762860990 3966746404261208291 2787345625740849838 4842317732308840407 2741738545891124237 1243739524426331175 1709917495396679940 5025317923421452716 7006774517617927877 5594478099174984331 1647779963024898541 6665215293712369821 1898483486070320559 2352654530426656278 115596183073591354]
2024/06/29 22:25:03 [1 -> 2] increment commitIndex:1, lastApplied:1, matchIndex:[1 40 26 1 1], nextIndex:[2 41 27 2 2]
2024/06/29 22:25:03 [1 -> 2] increment commitIndex:1, lastApplied:1, matchIndex:[1 40 42 1 1], nextIndex:[2 41 43 2 2]
2024/06/29 22:25:03 [2]AppendEntries[arg] preLogIdx:2, preLogTerm:1, commands:[1114463040797826990 7818686033212353296 1543208673435596924 7044239317867830978 7428011681922528164 8132428385341011314 2215416651496405358 4192876200786697339 1915909814878071035 4498771157677105914 1916015208994339070 7925976753906032705 6537183416740455197 765782487472625836 499783398223354326 4561082861743768483 8999083884618295765 3858784282266196020 7762351922393376857 1389605708777956081 3029659727160886999 6359107820313834858 1677650974762860990 3966746404261208291 2787345625740849838 4842317732308840407 2741738545891124237 1243739524426331175 1709917495396679940 5025317923421452716 7006774517617927877 5594478099174984331 1647779963024898541]
2024/06/29 22:25:03 [1 -> 2] increment commitIndex:1, lastApplied:1, matchIndex:[1 40 4 1 1], nextIndex:[2 41 5 2 2]
2024/06/29 22:25:03 [2]AppendEntries[overwrite] index:37, entry:&{term:1 command:1898483486070320559}
2024/06/29 22:25:03 [2]AppendEntries[overwrite] index:38, entry:&{term:1 command:2352654530426656278}
2024/06/29 22:25:03 [2]AppendEntries[overwrite] index:39, entry:&{term:1 command:115596183073591354}
2024/06/29 22:25:03 [2]AppendEntries[overwrite] index:40, entry:&{term:1 command:4520724264807880}
2024/06/29 22:25:03 [2]AppendEntries[overwrite] index:41, entry:&{term:1 command:8018380680022815065}
2024/06/29 22:25:03 [2]AppendEntries[overwrite] index:42, entry:&{term:1 command:6685732244858720433}
2024/06/29 22:25:03 [2]AppendEntries[overwrite] index:43, entry:&{term:1 command:4459470334902572114}
2024/06/29 22:25:03 [2]AppendEntries[overwrite] index:27, entry:&{term:1 command:2787345625740849838}
2024/06/29 22:25:03 [2]AppendEntries[arg] preLogIdx:4, preLogTerm:1, commands:[1543208673435596924 7044239317867830978 7428011681922528164 8132428385341011314 2215416651496405358 4192876200786697339 1915909814878071035 4498771157677105914 1916015208994339070 7925976753906032705 6537183416740455197 765782487472625836 499783398223354326 4561082861743768483 8999083884618295765 3858784282266196020 7762351922393376857 1389605708777956081 3029659727160886999 6359107820313834858 1677650974762860990 3966746404261208291 2787345625740849838 4842317732308840407 2741738545891124237 1243739524426331175 1709917495396679940 5025317923421452716 7006774517617927877 5594478099174984331 1647779963024898541 6665215293712369821 1898483486070320559]
2024/06/29 22:25:03 [2]AppendEntries[overwrite] index:28, entry:&{term:1 command:4842317732308840407}
2024/06/29 22:25:03 [2]AppendEntries[overwrite] index:29, entry:&{term:1 command:2741738545891124237}
2024/06/29 22:25:03 [1 -> 2] increment commitIndex:1, lastApplied:1, matchIndex:[1 40 28 1 1], nextIndex:[2 41 29 2 2]
2024/06/29 22:25:03 [2]AppendEntries[arg] preLogIdx:4, preLogTerm:1, commands:[1543208673435596924 7044239317867830978 7428011681922528164 8132428385341011314 2215416651496405358 4192876200786697339 1915909814878071035 4498771157677105914 1916015208994339070 7925976753906032705 6537183416740455197 765782487472625836 499783398223354326 4561082861743768483 8999083884618295765 3858784282266196020 7762351922393376857 1389605708777956081 3029659727160886999 6359107820313834858 1677650974762860990 3966746404261208291 2787345625740849838 4842317732308840407 2741738545891124237 1243739524426331175 1709917495396679940 5025317923421452716 7006774517617927877 5594478099174984331 1647779963024898541 6665215293712369821 1898483486070320559 2352654530426656278 115596183073591354 4520724264807880]
2024/06/29 22:25:03 [2]AppendEntries[overwrite] index:30, entry:&{term:1 command:1243739524426331175}
2024/06/29 22:25:03 [2]AppendEntries[overwrite] index:31, entry:&{term:1 command:1709917495396679940}
2024/06/29 22:25:03 [2]AppendEntries[overwrite] index:32, entry:&{term:1 command:5025317923421452716}
2024/06/29 22:25:03 [2]AppendEntries[overwrite] index:33, entry:&{term:1 command:7006774517617927877}
2024/06/29 22:25:03 [2]AppendEntries[overwrite] index:34, entry:&{term:1 command:5594478099174984331}
2024/06/29 22:25:03 [2]AppendEntries[overwrite] index:35, entry:&{term:1 command:1647779963024898541}
2024/06/29 22:25:03 [2]AppendEntries[arg] preLogIdx:4, preLogTerm:1, commands:[1543208673435596924 7044239317867830978 7428011681922528164 8132428385341011314 2215416651496405358 4192876200786697339 1915909814878071035 4498771157677105914 1916015208994339070 7925976753906032705 6537183416740455197 765782487472625836 499783398223354326 4561082861743768483 8999083884618295765 3858784282266196020 7762351922393376857 1389605708777956081 3029659727160886999 6359107820313834858 1677650974762860990 3966746404261208291 2787345625740849838 4842317732308840407 2741738545891124237 1243739524426331175 1709917495396679940 5025317923421452716 7006774517617927877 5594478099174984331 1647779963024898541 6665215293712369821]
2024/06/29 22:25:03 [1 -> 2] increment commitIndex:1, lastApplied:1, matchIndex:[1 40 43 1 1], nextIndex:[2 41 44 2 2]
2024/06/29 22:25:03 [2]AppendEntries[overwrite] index:36, entry:&{term:1 command:6665215293712369821}
2024/06/29 22:25:03 [2]AppendEntries[overwrite] index:37, entry:&{term:1 command:1898483486070320559}
2024/06/29 22:25:03 [2]AppendEntries[overwrite] index:38, entry:&{term:1 command:2352654530426656278}
2024/06/29 22:25:03 [2]AppendEntries[overwrite] index:39, entry:&{term:1 command:115596183073591354}
2024/06/29 22:25:03 [2]AppendEntries[overwrite] index:40, entry:&{term:1 command:4520724264807880}
2024/06/29 22:25:03 [2]AppendEntries[overwrite] index:41, entry:&{term:1 command:8018380680022815065}
2024/06/29 22:25:03 [2]AppendEntries[overwrite] index:42, entry:&{term:1 command:6685732244858720433}
2024/06/29 22:25:03 [2]AppendEntries[overwrite] index:43, entry:&{term:1 command:4459470334902572114}
2024/06/29 22:25:03 [2]AppendEntries[overwrite] index:44, entry:&{term:1 command:2717003644926240747}
2024/06/29 22:25:03 [2]AppendEntries[overwrite] index:45, entry:&{term:1 command:525085152889470833}
2024/06/29 22:25:03 [2]AppendEntries[overwrite] index:27, entry:&{term:1 command:2787345625740849838}
2024/06/29 22:25:03 [2]AppendEntries[overwrite] index:28, entry:&{term:1 command:4842317732308840407}
2024/06/29 22:25:03 [2]AppendEntries[overwrite] index:29, entry:&{term:1 command:2741738545891124237}
2024/06/29 22:25:03 [2]AppendEntries[overwrite] index:30, entry:&{term:1 command:1243739524426331175}
2024/06/29 22:25:03 [2]AppendEntries[overwrite] index:31, entry:&{term:1 command:1709917495396679940}
2024/06/29 22:25:03 [2]AppendEntries[overwrite] index:32, entry:&{term:1 command:5025317923421452716}
2024/06/29 22:25:03 [2]AppendEntries[overwrite] index:33, entry:&{term:1 command:7006774517617927877}
2024/06/29 22:25:03 [2]AppendEntries[overwrite] index:34, entry:&{term:1 command:5594478099174984331}
2024/06/29 22:25:03 [2]AppendEntries[overwrite] index:35, entry:&{term:1 command:1647779963024898541}
2024/06/29 22:25:03 [2]AppendEntries[overwrite] index:36, entry:&{term:1 command:6665215293712369821}
2024/06/29 22:25:03 [2]AppendEntries[overwrite] index:37, entry:&{term:1 command:1898483486070320559}
2024/06/29 22:25:03 [2]AppendEntries[overwrite] index:38, entry:&{term:1 command:2352654530426656278}
2024/06/29 22:25:03 [2]AppendEntries[overwrite] index:39, entry:&{term:1 command:115596183073591354}
2024/06/29 22:25:03 [2]AppendEntries[overwrite] index:40, entry:&{term:1 command:4520724264807880}
2024/06/29 22:25:03 [1 -> 2] increment commitIndex:1, lastApplied:1, matchIndex:[1 40 45 1 1], nextIndex:[2 41 46 2 2]
2024/06/29 22:25:03 [2]AppendEntries[overwrite] index:41, entry:&{term:1 command:8018380680022815065}
2024/06/29 22:25:03 [2]AppendEntries[overwrite] index:27, entry:&{term:1 command:2787345625740849838}
2024/06/29 22:25:03 [2]AppendEntries[overwrite] index:28, entry:&{term:1 command:4842317732308840407}
2024/06/29 22:25:03 [2]AppendEntries[overwrite] index:29, entry:&{term:1 command:2741738545891124237}
2024/06/29 22:25:03 [2]AppendEntries[overwrite] index:30, entry:&{term:1 command:1243739524426331175}
2024/06/29 22:25:03 [2]AppendEntries[overwrite] index:31, entry:&{term:1 command:1709917495396679940}
2024/06/29 22:25:03 [2]AppendEntries[overwrite] index:32, entry:&{term:1 command:5025317923421452716}
2024/06/29 22:25:03 [2]AppendEntries[overwrite] index:33, entry:&{term:1 command:7006774517617927877}
2024/06/29 22:25:03 [2]AppendEntries[overwrite] index:34, entry:&{term:1 command:5594478099174984331}
2024/06/29 22:25:03 [2]AppendEntries[overwrite] index:35, entry:&{term:1 command:1647779963024898541}
2024/06/29 22:25:03 [2]AppendEntries[overwrite] index:36, entry:&{term:1 command:6665215293712369821}
2024/06/29 22:25:03 [2]AppendEntries[overwrite] index:37, entry:&{term:1 command:1898483486070320559}
2024/06/29 22:25:03 [2]AppendEntries[overwrite] index:38, entry:&{term:1 command:2352654530426656278}
2024/06/29 22:25:03 [2]AppendEntries[overwrite] index:39, entry:&{term:1 command:115596183073591354}
2024/06/29 22:25:03 [2]AppendEntries[overwrite] index:40, entry:&{term:1 command:4520724264807880}
2024/06/29 22:25:03 [2]AppendEntries[overwrite] index:41, entry:&{term:1 command:8018380680022815065}
2024/06/29 22:25:03 [1 -> 2] increment commitIndex:1, lastApplied:1, matchIndex:[1 40 41 1 1], nextIndex:[2 41 42 2 2]
2024/06/29 22:25:03 [2]AppendEntries[overwrite] index:42, entry:&{term:1 command:6685732244858720433}
2024/06/29 22:25:03 [2]AppendEntries[overwrite] index:43, entry:&{term:1 command:4459470334902572114}
2024/06/29 22:25:03 [2]AppendEntries[overwrite] index:44, entry:&{term:1 command:2717003644926240747}
2024/06/29 22:25:03 [2]AppendEntries[overwrite] index:27, entry:&{term:1 command:2787345625740849838}
2024/06/29 22:25:03 [2]AppendEntries[overwrite] index:28, entry:&{term:1 command:4842317732308840407}
2024/06/29 22:25:03 [2]AppendEntries[overwrite] index:29, entry:&{term:1 command:2741738545891124237}
2024/06/29 22:25:03 [2]AppendEntries[overwrite] index:4, entry:&{term:1 command:7818686033212353296}
2024/06/29 22:25:03 [2]AppendEntries[overwrite] index:5, entry:&{term:1 command:1543208673435596924}
2024/06/29 22:25:03 [2]AppendEntries[overwrite] index:6, entry:&{term:1 command:7044239317867830978}
2024/06/29 22:25:03 [2]AppendEntries[overwrite] index:7, entry:&{term:1 command:7428011681922528164}
2024/06/29 22:25:03 [2]AppendEntries[overwrite] index:8, entry:&{term:1 command:8132428385341011314}
2024/06/29 22:25:03 [2]AppendEntries[overwrite] index:9, entry:&{term:1 command:2215416651496405358}
2024/06/29 22:25:03 [2]AppendEntries[overwrite] index:8, entry:&{term:1 command:8132428385341011314}
2024/06/29 22:25:03 [1 -> 2] increment commitIndex:1, lastApplied:1, matchIndex:[1 40 44 1 1], nextIndex:[2 41 45 2 2]
2024/06/29 22:25:03 [1 -> 2] increment commitIndex:1, lastApplied:1, matchIndex:[1 40 29 1 1], nextIndex:[2 41 30 2 2]
2024/06/29 22:25:03 [1 -> 2] increment commitIndex:1, lastApplied:1, matchIndex:[1 40 51 1 1], nextIndex:[2 41 52 2 2]
2024/06/29 22:25:03 [1 -> 2] increment commitIndex:1, lastApplied:1, matchIndex:[1 40 51 1 1], nextIndex:[2 41 52 2 2]
2024/06/29 22:25:03 [1 -> 2] increment commitIndex:1, lastApplied:1, matchIndex:[1 40 26 1 1], nextIndex:[2 41 27 2 2]
2024/06/29 22:25:03 [1 -> 2] increment commitIndex:1, lastApplied:1, matchIndex:[1 40 26 1 1], nextIndex:[2 41 27 2 2]
2024/06/29 22:25:03 [1 -> 2] increment commitIndex:1, lastApplied:1, matchIndex:[1 40 51 1 1], nextIndex:[2 41 52 2 2]
2024/06/29 22:25:03 [2]AppendEntries[overwrite] index:9, entry:&{term:1 command:2215416651496405358}
2024/06/29 22:25:03 [2]AppendEntries[overwrite] index:10, entry:&{term:1 command:4192876200786697339}
2024/06/29 22:25:03 [2]AppendEntries[overwrite] index:11, entry:&{term:1 command:1915909814878071035}
2024/06/29 22:25:03 [2]AppendEntries[overwrite] index:12, entry:&{term:1 command:4498771157677105914}
2024/06/29 22:25:03 [2]AppendEntries[overwrite] index:13, entry:&{term:1 command:1916015208994339070}
2024/06/29 22:25:03 [2]AppendEntries[overwrite] index:14, entry:&{term:1 command:7925976753906032705}
2024/06/29 22:25:03 [2]AppendEntries[overwrite] index:15, entry:&{term:1 command:6537183416740455197}
2024/06/29 22:25:03 [2]AppendEntries[overwrite] index:16, entry:&{term:1 command:765782487472625836}
2024/06/29 22:25:03 [2]AppendEntries[overwrite] index:17, entry:&{term:1 command:499783398223354326}
2024/06/29 22:25:03 [2]AppendEntries[overwrite] index:18, entry:&{term:1 command:4561082861743768483}
2024/06/29 22:25:03 [2]AppendEntries[overwrite] index:19, entry:&{term:1 command:8999083884618295765}
2024/06/29 22:25:03 [2]AppendEntries[overwrite] index:20, entry:&{term:1 command:3858784282266196020}
2024/06/29 22:25:03 [2]AppendEntries[overwrite] index:21, entry:&{term:1 command:7762351922393376857}
2024/06/29 22:25:03 [2]AppendEntries[overwrite] index:22, entry:&{term:1 command:1389605708777956081}
2024/06/29 22:25:03 [2]AppendEntries[overwrite] index:23, entry:&{term:1 command:3029659727160886999}
2024/06/29 22:25:03 [2]AppendEntries[overwrite] index:24, entry:&{term:1 command:6359107820313834858}
2024/06/29 22:25:03 [2]AppendEntries[overwrite] index:25, entry:&{term:1 command:1677650974762860990}
2024/06/29 22:25:03 [2]AppendEntries[overwrite] index:26, entry:&{term:1 command:3966746404261208291}
2024/06/29 22:25:03 [2]AppendEntries[overwrite] index:27, entry:&{term:1 command:2787345625740849838}
2024/06/29 22:25:03 [2]AppendEntries[overwrite] index:28, entry:&{term:1 command:4842317732308840407}
2024/06/29 22:25:03 [2]AppendEntries[overwrite] index:29, entry:&{term:1 command:2741738545891124237}
2024/06/29 22:25:03 [2]AppendEntries[overwrite] index:30, entry:&{term:1 command:1243739524426331175}
2024/06/29 22:25:03 [2]AppendEntries[overwrite] index:31, entry:&{term:1 command:1709917495396679940}
2024/06/29 22:25:03 [2]AppendEntries[overwrite] index:32, entry:&{term:1 command:5025317923421452716}
2024/06/29 22:25:03 [2]AppendEntries[overwrite] index:33, entry:&{term:1 command:7006774517617927877}
2024/06/29 22:25:03 [2]AppendEntries[overwrite] index:34, entry:&{term:1 command:5594478099174984331}
2024/06/29 22:25:03 [2]AppendEntries[overwrite] index:35, entry:&{term:1 command:1647779963024898541}
2024/06/29 22:25:03 [2]AppendEntries[overwrite] index:36, entry:&{term:1 command:6665215293712369821}
2024/06/29 22:25:03 [2]AppendEntries[overwrite] index:37, entry:&{term:1 command:1898483486070320559}
2024/06/29 22:25:03 [2]AppendEntries[overwrite] index:38, entry:&{term:1 command:2352654530426656278}
2024/06/29 22:25:03 [2]AppendEntries[overwrite] index:39, entry:&{term:1 command:115596183073591354}
2024/06/29 22:25:03 [2]AppendEntries[overwrite] index:3, entry:&{term:1 command:1114463040797826990}
2024/06/29 22:25:03 [2]AppendEntries[overwrite] index:4, entry:&{term:1 command:7818686033212353296}
2024/06/29 22:25:03 [2]AppendEntries[overwrite] index:5, entry:&{term:1 command:1543208673435596924}
2024/06/29 22:25:03 [2]AppendEntries[overwrite] index:6, entry:&{term:1 command:7044239317867830978}
2024/06/29 22:25:03 [2]AppendEntries[overwrite] index:7, entry:&{term:1 command:7428011681922528164}
2024/06/29 22:25:03 [2]AppendEntries[overwrite] index:8, entry:&{term:1 command:8132428385341011314}
2024/06/29 22:25:03 [2]AppendEntries[overwrite] index:9, entry:&{term:1 command:2215416651496405358}
2024/06/29 22:25:03 [2]AppendEntries[overwrite] index:10, entry:&{term:1 command:4192876200786697339}
2024/06/29 22:25:03 [2]AppendEntries[overwrite] index:11, entry:&{term:1 command:1915909814878071035}
2024/06/29 22:25:03 [2]AppendEntries[overwrite] index:12, entry:&{term:1 command:4498771157677105914}
2024/06/29 22:25:03 [2]AppendEntries[overwrite] index:13, entry:&{term:1 command:1916015208994339070}
2024/06/29 22:25:03 [2]AppendEntries[overwrite] index:14, entry:&{term:1 command:7925976753906032705}
2024/06/29 22:25:03 [2]AppendEntries[overwrite] index:15, entry:&{term:1 command:6537183416740455197}
2024/06/29 22:25:03 [2]AppendEntries[overwrite] index:16, entry:&{term:1 command:765782487472625836}
2024/06/29 22:25:03 [2]AppendEntries[overwrite] index:17, entry:&{term:1 command:499783398223354326}
2024/06/29 22:25:03 [2]AppendEntries[overwrite] index:18, entry:&{term:1 command:4561082861743768483}
2024/06/29 22:25:03 [2]AppendEntries[overwrite] index:19, entry:&{term:1 command:8999083884618295765}
2024/06/29 22:25:03 [2]AppendEntries[overwrite] index:20, entry:&{term:1 command:3858784282266196020}
2024/06/29 22:25:03 [2]AppendEntries[overwrite] index:21, entry:&{term:1 command:7762351922393376857}
2024/06/29 22:25:03 [2]AppendEntries[overwrite] index:22, entry:&{term:1 command:1389605708777956081}
2024/06/29 22:25:03 [2]AppendEntries[overwrite] index:23, entry:&{term:1 command:3029659727160886999}
2024/06/29 22:25:03 [2]AppendEntries[overwrite] index:24, entry:&{term:1 command:6359107820313834858}
2024/06/29 22:25:03 [2]AppendEntries[overwrite] index:25, entry:&{term:1 command:1677650974762860990}
2024/06/29 22:25:03 [2]AppendEntries[overwrite] index:26, entry:&{term:1 command:3966746404261208291}
2024/06/29 22:25:03 [2]AppendEntries[overwrite] index:27, entry:&{term:1 command:2787345625740849838}
2024/06/29 22:25:03 [2]AppendEntries[overwrite] index:28, entry:&{term:1 command:4842317732308840407}
2024/06/29 22:25:03 [2]AppendEntries[overwrite] index:29, entry:&{term:1 command:2741738545891124237}
2024/06/29 22:25:03 [2]AppendEntries[overwrite] index:30, entry:&{term:1 command:1243739524426331175}
2024/06/29 22:25:03 [2]AppendEntries[overwrite] index:31, entry:&{term:1 command:1709917495396679940}
2024/06/29 22:25:03 [2]AppendEntries[overwrite] index:32, entry:&{term:1 command:5025317923421452716}
2024/06/29 22:25:03 [2]AppendEntries[overwrite] index:33, entry:&{term:1 command:7006774517617927877}
2024/06/29 22:25:03 [2]AppendEntries[overwrite] index:34, entry:&{term:1 command:5594478099174984331}
2024/06/29 22:25:03 [2]AppendEntries[overwrite] index:35, entry:&{term:1 command:1647779963024898541}
2024/06/29 22:25:03 [2]AppendEntries[overwrite] index:5, entry:&{term:1 command:1543208673435596924}
2024/06/29 22:25:03 [2]AppendEntries[overwrite] index:6, entry:&{term:1 command:7044239317867830978}
2024/06/29 22:25:03 [2]AppendEntries[overwrite] index:7, entry:&{term:1 command:7428011681922528164}
2024/06/29 22:25:03 [2]AppendEntries[overwrite] index:8, entry:&{term:1 command:8132428385341011314}
2024/06/29 22:25:03 [2]AppendEntries[overwrite] index:9, entry:&{term:1 command:2215416651496405358}
2024/06/29 22:25:03 [2]AppendEntries[overwrite] index:10, entry:&{term:1 command:4192876200786697339}
2024/06/29 22:25:03 [2]AppendEntries[overwrite] index:11, entry:&{term:1 command:1915909814878071035}
2024/06/29 22:25:03 [2]AppendEntries[overwrite] index:12, entry:&{term:1 command:4498771157677105914}
2024/06/29 22:25:03 [2]AppendEntries[overwrite] index:13, entry:&{term:1 command:1916015208994339070}
2024/06/29 22:25:03 [2]AppendEntries[overwrite] index:14, entry:&{term:1 command:7925976753906032705}
2024/06/29 22:25:03 [2]AppendEntries[overwrite] index:15, entry:&{term:1 command:6537183416740455197}
2024/06/29 22:25:03 [2]AppendEntries[overwrite] index:16, entry:&{term:1 command:765782487472625836}
2024/06/29 22:25:03 [2]AppendEntries[overwrite] index:17, entry:&{term:1 command:499783398223354326}
2024/06/29 22:25:03 [2]AppendEntries[overwrite] index:18, entry:&{term:1 command:4561082861743768483}
2024/06/29 22:25:03 [2]AppendEntries[overwrite] index:19, entry:&{term:1 command:8999083884618295765}
2024/06/29 22:25:03 [2]AppendEntries[overwrite] index:20, entry:&{term:1 command:3858784282266196020}
2024/06/29 22:25:03 [2]AppendEntries[overwrite] index:21, entry:&{term:1 command:7762351922393376857}
2024/06/29 22:25:03 [2]AppendEntries[overwrite] index:22, entry:&{term:1 command:1389605708777956081}
2024/06/29 22:25:03 [2]AppendEntries[overwrite] index:23, entry:&{term:1 command:3029659727160886999}
2024/06/29 22:25:03 [2]AppendEntries[overwrite] index:24, entry:&{term:1 command:6359107820313834858}
2024/06/29 22:25:03 [2]AppendEntries[overwrite] index:25, entry:&{term:1 command:1677650974762860990}
2024/06/29 22:25:03 [1 -> 2] increment commitIndex:1, lastApplied:1, matchIndex:[1 40 51 1 1], nextIndex:[2 41 52 2 2]
2024/06/29 22:25:03 [1 -> 2] increment commitIndex:1, lastApplied:1, matchIndex:[1 40 51 1 1], nextIndex:[2 41 52 2 2]
2024/06/29 22:25:03 [1 -> 2] increment commitIndex:1, lastApplied:1, matchIndex:[1 40 51 1 1], nextIndex:[2 41 52 2 2]
2024/06/29 22:25:03 [1 -> 2] increment commitIndex:1, lastApplied:1, matchIndex:[1 40 51 1 1], nextIndex:[2 41 52 2 2]
2024/06/29 22:25:03 [1 -> 2] increment commitIndex:1, lastApplied:1, matchIndex:[1 40 51 1 1], nextIndex:[2 41 52 2 2]
2024/06/29 22:25:03 [1 -> 2] increment commitIndex:1, lastApplied:1, matchIndex:[1 40 51 1 1], nextIndex:[2 41 52 2 2]
2024/06/29 22:25:03 [2]AppendEntries[overwrite] index:26, entry:&{term:1 command:3966746404261208291}
2024/06/29 22:25:03 [2]AppendEntries[overwrite] index:27, entry:&{term:1 command:2787345625740849838}
2024/06/29 22:25:03 [2]AppendEntries[overwrite] index:28, entry:&{term:1 command:4842317732308840407}
2024/06/29 22:25:03 [2]AppendEntries[overwrite] index:29, entry:&{term:1 command:2741738545891124237}
2024/06/29 22:25:03 [2]AppendEntries[overwrite] index:30, entry:&{term:1 command:1243739524426331175}
2024/06/29 22:25:03 [2]AppendEntries[overwrite] index:31, entry:&{term:1 command:1709917495396679940}
2024/06/29 22:25:03 [2]AppendEntries[overwrite] index:32, entry:&{term:1 command:5025317923421452716}
2024/06/29 22:25:03 [2]AppendEntries[overwrite] index:33, entry:&{term:1 command:7006774517617927877}
2024/06/29 22:25:03 [2]AppendEntries[overwrite] index:34, entry:&{term:1 command:5594478099174984331}
2024/06/29 22:25:03 [2]AppendEntries[overwrite] index:35, entry:&{term:1 command:1647779963024898541}
2024/06/29 22:25:03 [2]AppendEntries[overwrite] index:36, entry:&{term:1 command:6665215293712369821}
2024/06/29 22:25:03 [2]AppendEntries[overwrite] index:37, entry:&{term:1 command:1898483486070320559}
2024/06/29 22:25:03 [2]AppendEntries[overwrite] index:5, entry:&{term:1 command:1543208673435596924}
2024/06/29 22:25:03 [2]AppendEntries[overwrite] index:6, entry:&{term:1 command:7044239317867830978}
2024/06/29 22:25:03 [2]AppendEntries[overwrite] index:7, entry:&{term:1 command:7428011681922528164}
2024/06/29 22:25:03 [1 -> 2] increment commitIndex:1, lastApplied:1, matchIndex:[1 40 9 1 1], nextIndex:[2 41 10 2 2]
2024/06/29 22:25:03 [1 -> 2] increment commitIndex:1, lastApplied:1, matchIndex:[1 40 51 1 1], nextIndex:[2 41 52 2 2]
2024/06/29 22:25:03 [1 -> 2] increment commitIndex:1, lastApplied:1, matchIndex:[1 40 51 1 1], nextIndex:[2 41 52 2 2]
2024/06/29 22:25:03 [1 -> 2] increment commitIndex:1, lastApplied:1, matchIndex:[1 40 51 1 1], nextIndex:[2 41 52 2 2]
2024/06/29 22:25:03 [1 -> 2] increment commitIndex:1, lastApplied:1, matchIndex:[1 40 51 1 1], nextIndex:[2 41 52 2 2]
2024/06/29 22:25:03 [1 -> 2] increment commitIndex:1, lastApplied:1, matchIndex:[1 40 51 1 1], nextIndex:[2 41 52 2 2]
2024/06/29 22:25:03 [2]AppendEntries[overwrite] index:8, entry:&{term:1 command:8132428385341011314}
2024/06/29 22:25:03 [2]AppendEntries[overwrite] index:9, entry:&{term:1 command:2215416651496405358}
2024/06/29 22:25:03 [2]AppendEntries[overwrite] index:10, entry:&{term:1 command:4192876200786697339}
2024/06/29 22:25:03 [2]AppendEntries[overwrite] index:11, entry:&{term:1 command:1915909814878071035}
2024/06/29 22:25:03 [2]AppendEntries[overwrite] index:12, entry:&{term:1 command:4498771157677105914}
2024/06/29 22:25:03 [2]AppendEntries[overwrite] index:13, entry:&{term:1 command:1916015208994339070}
2024/06/29 22:25:03 [2]AppendEntries[overwrite] index:14, entry:&{term:1 command:7925976753906032705}
2024/06/29 22:25:03 [2]AppendEntries[overwrite] index:15, entry:&{term:1 command:6537183416740455197}
2024/06/29 22:25:03 [2]AppendEntries[overwrite] index:16, entry:&{term:1 command:765782487472625836}
2024/06/29 22:25:03 [2]AppendEntries[overwrite] index:17, entry:&{term:1 command:499783398223354326}
2024/06/29 22:25:03 [1 -> 2] increment commitIndex:1, lastApplied:1, matchIndex:[1 40 39 1 1], nextIndex:[2 41 40 2 2]
2024/06/29 22:25:03 [2]AppendEntries[overwrite] index:18, entry:&{term:1 command:4561082861743768483}
2024/06/29 22:25:03 [2]AppendEntries[overwrite] index:19, entry:&{term:1 command:8999083884618295765}
2024/06/29 22:25:03 [2]AppendEntries[overwrite] index:20, entry:&{term:1 command:3858784282266196020}
2024/06/29 22:25:03 [2]AppendEntries[overwrite] index:21, entry:&{term:1 command:7762351922393376857}
2024/06/29 22:25:03 [2]AppendEntries[overwrite] index:22, entry:&{term:1 command:1389605708777956081}
2024/06/29 22:25:03 [2]AppendEntries[overwrite] index:23, entry:&{term:1 command:3029659727160886999}
2024/06/29 22:25:03 [2]AppendEntries[overwrite] index:24, entry:&{term:1 command:6359107820313834858}
2024/06/29 22:25:03 [2]AppendEntries[overwrite] index:25, entry:&{term:1 command:1677650974762860990}
2024/06/29 22:25:03 [2]AppendEntries[overwrite] index:26, entry:&{term:1 command:3966746404261208291}
2024/06/29 22:25:03 [2]AppendEntries[overwrite] index:27, entry:&{term:1 command:2787345625740849838}
2024/06/29 22:25:03 [1 -> 2] increment commitIndex:1, lastApplied:1, matchIndex:[1 40 51 1 1], nextIndex:[2 41 52 2 2]
2024/06/29 22:25:03 [2]AppendEntries[overwrite] index:28, entry:&{term:1 command:4842317732308840407}
2024/06/29 22:25:03 [2]AppendEntries[overwrite] index:29, entry:&{term:1 command:2741738545891124237}
2024/06/29 22:25:03 [2]AppendEntries[overwrite] index:30, entry:&{term:1 command:1243739524426331175}
2024/06/29 22:25:03 [2]AppendEntries[overwrite] index:31, entry:&{term:1 command:1709917495396679940}
2024/06/29 22:25:03 [2]AppendEntries[overwrite] index:32, entry:&{term:1 command:5025317923421452716}
2024/06/29 22:25:03 [2]AppendEntries[overwrite] index:33, entry:&{term:1 command:7006774517617927877}
2024/06/29 22:25:03 [2]AppendEntries[overwrite] index:34, entry:&{term:1 command:5594478099174984331}
2024/06/29 22:25:03 [2]AppendEntries[overwrite] index:35, entry:&{term:1 command:1647779963024898541}
2024/06/29 22:25:03 [2]AppendEntries[overwrite] index:36, entry:&{term:1 command:6665215293712369821}
2024/06/29 22:25:03 [2]AppendEntries[overwrite] index:37, entry:&{term:1 command:1898483486070320559}
2024/06/29 22:25:03 [2]AppendEntries[overwrite] index:38, entry:&{term:1 command:2352654530426656278}
2024/06/29 22:25:03 [2]AppendEntries[overwrite] index:39, entry:&{term:1 command:115596183073591354}
2024/06/29 22:25:03 [2]AppendEntries[overwrite] index:40, entry:&{term:1 command:4520724264807880}
2024/06/29 22:25:03 [2]AppendEntries[overwrite] index:5, entry:&{term:1 command:1543208673435596924}
2024/06/29 22:25:03 [2]AppendEntries[overwrite] index:6, entry:&{term:1 command:7044239317867830978}
2024/06/29 22:25:03 [2]AppendEntries[overwrite] index:7, entry:&{term:1 command:7428011681922528164}
2024/06/29 22:25:03 [2]AppendEntries[overwrite] index:8, entry:&{term:1 command:8132428385341011314}
2024/06/29 22:25:03 [2]AppendEntries[overwrite] index:9, entry:&{term:1 command:2215416651496405358}
2024/06/29 22:25:03 [2]AppendEntries[overwrite] index:10, entry:&{term:1 command:4192876200786697339}
2024/06/29 22:25:03 [2]AppendEntries[overwrite] index:11, entry:&{term:1 command:1915909814878071035}
2024/06/29 22:25:03 [2]AppendEntries[overwrite] index:12, entry:&{term:1 command:4498771157677105914}
2024/06/29 22:25:03 [2]AppendEntries[overwrite] index:13, entry:&{term:1 command:1916015208994339070}
2024/06/29 22:25:03 [2]AppendEntries[overwrite] index:14, entry:&{term:1 command:7925976753906032705}
2024/06/29 22:25:03 [2]AppendEntries[overwrite] index:15, entry:&{term:1 command:6537183416740455197}
2024/06/29 22:25:03 [2]AppendEntries[overwrite] index:16, entry:&{term:1 command:765782487472625836}
2024/06/29 22:25:03 [1 -> 2] increment commitIndex:1, lastApplied:1, matchIndex:[1 40 51 1 1], nextIndex:[2 41 52 2 2]
2024/06/29 22:25:03 [2]AppendEntries[overwrite] index:17, entry:&{term:1 command:499783398223354326}
2024/06/29 22:25:03 [2]AppendEntries[overwrite] index:18, entry:&{term:1 command:4561082861743768483}
2024/06/29 22:25:03 [2]AppendEntries[overwrite] index:19, entry:&{term:1 command:8999083884618295765}
2024/06/29 22:25:03 [1 -> 2] increment commitIndex:1, lastApplied:1, matchIndex:[1 40 51 1 1], nextIndex:[2 41 52 2 2]
2024/06/29 22:25:03 [2]AppendEntries[overwrite] index:20, entry:&{term:1 command:3858784282266196020}
2024/06/29 22:25:03 [2]AppendEntries[overwrite] index:21, entry:&{term:1 command:7762351922393376857}
2024/06/29 22:25:03 [2]AppendEntries[overwrite] index:22, entry:&{term:1 command:1389605708777956081}
2024/06/29 22:25:03 [2]AppendEntries[overwrite] index:23, entry:&{term:1 command:3029659727160886999}
2024/06/29 22:25:03 [2]AppendEntries[overwrite] index:24, entry:&{term:1 command:6359107820313834858}
2024/06/29 22:25:03 [2]AppendEntries[overwrite] index:25, entry:&{term:1 command:1677650974762860990}
2024/06/29 22:25:03 [2]AppendEntries[overwrite] index:26, entry:&{term:1 command:3966746404261208291}
2024/06/29 22:25:03 [2]AppendEntries[overwrite] index:27, entry:&{term:1 command:2787345625740849838}
2024/06/29 22:25:03 [2]AppendEntries[overwrite] index:28, entry:&{term:1 command:4842317732308840407}
2024/06/29 22:25:03 [2]AppendEntries[overwrite] index:29, entry:&{term:1 command:2741738545891124237}
2024/06/29 22:25:03 [2]AppendEntries[overwrite] index:30, entry:&{term:1 command:1243739524426331175}
2024/06/29 22:25:03 [2]AppendEntries[overwrite] index:31, entry:&{term:1 command:1709917495396679940}
2024/06/29 22:25:03 [2]AppendEntries[overwrite] index:32, entry:&{term:1 command:5025317923421452716}
2024/06/29 22:25:03 [2]AppendEntries[overwrite] index:33, entry:&{term:1 command:7006774517617927877}
2024/06/29 22:25:03 [1 -> 2] increment commitIndex:1, lastApplied:1, matchIndex:[1 40 51 1 1], nextIndex:[2 41 52 2 2]
2024/06/29 22:25:03 [2]AppendEntries[overwrite] index:34, entry:&{term:1 command:5594478099174984331}
2024/06/29 22:25:03 [2]AppendEntries[overwrite] index:35, entry:&{term:1 command:1647779963024898541}
2024/06/29 22:25:03 [1 -> 2] increment commitIndex:1, lastApplied:1, matchIndex:[1 40 35 1 1], nextIndex:[2 41 36 2 2]
2024/06/29 22:25:03 [2]AppendEntries[overwrite] index:36, entry:&{term:1 command:6665215293712369821}
2024/06/29 22:25:03 [1 -> 2] increment commitIndex:1, lastApplied:1, matchIndex:[1 40 51 1 1], nextIndex:[2 41 52 2 2]
2024/06/29 22:25:03 [1 -> 2] increment commitIndex:1, lastApplied:1, matchIndex:[1 40 37 1 1], nextIndex:[2 41 38 2 2]
2024/06/29 22:25:03 [1 -> 2] increment commitIndex:1, lastApplied:1, matchIndex:[1 40 40 1 1], nextIndex:[2 41 41 2 2]
2024/06/29 22:25:03 [1 -> 2] increment commitIndex:1, lastApplied:1, matchIndex:[1 40 36 1 1], nextIndex:[2 41 37 2 2]
2024/06/29 22:25:03 [2]AppendEntries[arg] preLogIdx:36, preLogTerm:1, commands:[1898483486070320559 2352654530426656278 115596183073591354 4520724264807880 8018380680022815065 6685732244858720433 4459470334902572114 2717003644926240747 525085152889470833 3787497715314988432 8886644712271678168 1978473873898730538 7653387811190583326 8426787073742270655 2138829492476763113]
2024/06/29 22:25:03 [2]AppendEntries[overwrite] index:37, entry:&{term:1 command:1898483486070320559}
2024/06/29 22:25:03 [2]AppendEntries[overwrite] index:38, entry:&{term:1 command:2352654530426656278}
2024/06/29 22:25:03 [2]AppendEntries[overwrite] index:39, entry:&{term:1 command:115596183073591354}
2024/06/29 22:25:03 [2]AppendEntries[overwrite] index:40, entry:&{term:1 command:4520724264807880}
2024/06/29 22:25:03 [2]AppendEntries[overwrite] index:41, entry:&{term:1 command:8018380680022815065}
2024/06/29 22:25:03 [2]AppendEntries[overwrite] index:42, entry:&{term:1 command:6685732244858720433}
2024/06/29 22:25:03 [2]AppendEntries[overwrite] index:43, entry:&{term:1 command:4459470334902572114}
2024/06/29 22:25:03 [2]AppendEntries[overwrite] index:44, entry:&{term:1 command:2717003644926240747}
2024/06/29 22:25:03 [2]AppendEntries[overwrite] index:45, entry:&{term:1 command:525085152889470833}
2024/06/29 22:25:03 [2]AppendEntries[overwrite] index:46, entry:&{term:1 command:3787497715314988432}
2024/06/29 22:25:03 [2]AppendEntries[overwrite] index:47, entry:&{term:1 command:8886644712271678168}
2024/06/29 22:25:03 [2]AppendEntries[overwrite] index:48, entry:&{term:1 command:1978473873898730538}
2024/06/29 22:25:03 [2]AppendEntries[overwrite] index:49, entry:&{term:1 command:7653387811190583326}
2024/06/29 22:25:03 [2]AppendEntries[overwrite] index:50, entry:&{term:1 command:8426787073742270655}
2024/06/29 22:25:03 [2]AppendEntries[overwrite] index:51, entry:&{term:1 command:2138829492476763113}
2024/06/29 22:25:03 [1 -> 2] increment commitIndex:1, lastApplied:1, matchIndex:[1 51 51 1 1], nextIndex:[2 52 52 2 2]
2024/06/29 22:25:03 [1]disconnect----------------------------------------
2024/06/29 22:25:03 [2]disconnect----------------------------------------
2024/06/29 22:25:03 [3]reconnect----------------------------------------
2024/06/29 22:25:03 [4]reconnect----------------------------------------
2024/06/29 22:25:03 [0]reconnect----------------------------------------
2024/06/29 22:25:04 [3]Election Start, term:2
2024/06/29 22:25:04 [0]RequestVote[reject] term:1, voteForId:1 != candidateId:3
2024/06/29 22:25:04 [4]RequestVote[reject] term:1, voteForId:4 != candidateId:3
2024/06/29 22:25:04 [1]Election Start, term:2
2024/06/29 22:25:04 [0]Election Start, term:2
2024/06/29 22:25:04 [4]Election Start, term:2
2024/06/29 22:25:04 [4]RequestVote[reject] term:2, voteForId:4 != candidateId:0
2024/06/29 22:25:04 [3]RequestVote[reject] term:2, voteForId:3 != candidateId:0
2024/06/29 22:25:04 [3]RequestVote[reject] term:2, voteForId:3 != candidateId:4
2024/06/29 22:25:04 [0]RequestVote[reject] term:2, voteForId:0 != candidateId:4
2024/06/29 22:25:04 [2]Election Start, term:2
2024/06/29 22:25:05 [3]Election NotEnoughGrants, term:2, granted:1
2024/06/29 22:25:05 [3]Election Start, term:3
2024/06/29 22:25:05 [4]RequestVote[reject] term:2, voteForId:4 != candidateId:3
2024/06/29 22:25:05 [0]RequestVote[reject] term:2, voteForId:0 != candidateId:3
2024/06/29 22:25:06 [4]Election NotEnoughGrants, term:2, granted:1
2024/06/29 22:25:06 [0]Election NotEnoughGrants, term:2, granted:1
2024/06/29 22:25:06 [4]Election Start, term:3
2024/06/29 22:25:06 [3]RequestVote[reject] term:3, voteForId:3 != candidateId:4
2024/06/29 22:25:06 [0]RequestVote[reject] term:2, voteForId:0 != candidateId:4
2024/06/29 22:25:06 [0]Election Start, term:3
2024/06/29 22:25:06 [4]RequestVote[reject] term:3, voteForId:4 != candidateId:0
2024/06/29 22:25:06 [3]RequestVote[reject] term:3, voteForId:3 != candidateId:0
2024/06/29 22:25:06 [0]Election NotEnoughGrants, term:3, granted:1
2024/06/29 22:25:06 [1]Election NotEnoughGrants, term:2, granted:1
2024/06/29 22:25:06 [0]Election Start, term:4
2024/06/29 22:25:06 [4]RequestVote[reject] term:3, voteForId:4 != candidateId:0
2024/06/29 22:25:06 [3]RequestVote[reject] term:3, voteForId:3 != candidateId:0
2024/06/29 22:25:06 [1]Election Start, term:3
2024/06/29 22:25:06 [0]Election NotEnoughGrants, term:4, granted:1
2024/06/29 22:25:07 [0]Election Start, term:5
2024/06/29 22:25:07 [4]RequestVote[reject] term:3, voteForId:4 != candidateId:0
2024/06/29 22:25:07 [3]RequestVote[reject] term:3, voteForId:3 != candidateId:0
2024/06/29 22:25:09 [4]Election NotEnoughGrants, term:3, granted:1
2024/06/29 22:25:09 [2]Election NotEnoughGrants, term:2, granted:1
2024/06/29 22:25:09 [4]Election Start, term:4
2024/06/29 22:25:09 [3]RequestVote[reject] term:3, voteForId:3 != candidateId:4
2024/06/29 22:25:09 [0]RequestVote[reject] candidateId:4, term:4 < currentTerm:5
2024/06/29 22:25:09 [2]Election Start, term:3
2024/06/29 22:25:10 [4]Election NotEnoughGrants, term:4, granted:1
2024/06/29 22:25:10 [4]Election Start, term:6
2024/06/29 22:25:10 [0]RequestVote[reject] term:5, voteForId:0 != candidateId:4
2024/06/29 22:25:10 [3]RequestVote[reject] term:3, voteForId:3 != candidateId:4
2024/06/29 22:25:10 [4]Election NotEnoughGrants, term:6, granted:1
2024/06/29 22:25:10 [4]Election Start, term:7
2024/06/29 22:25:10 [3]RequestVote[reject] term:3, voteForId:3 != candidateId:4
2024/06/29 22:25:10 [0]RequestVote[reject] term:5, voteForId:0 != candidateId:4
2024/06/29 22:25:11 [3]Election NotEnoughGrants, term:3, granted:1
2024/06/29 22:25:11 [3]Election Start, term:4
2024/06/29 22:25:11 [0]RequestVote[reject] candidateId:3, term:4 < currentTerm:5
2024/06/29 22:25:11 [4]RequestVote[reject] candidateId:3, term:4 < currentTerm:7
2024/06/29 22:25:11 [0]Election NotEnoughGrants, term:5, granted:1
2024/06/29 22:25:11 [0]Election Start, term:6
2024/06/29 22:25:11 [4]RequestVote[reject] candidateId:0, term:6 < currentTerm:7
2024/06/29 22:25:11 [3]RequestVote[reject] term:4, voteForId:3 != candidateId:0
2024/06/29 22:25:12 [1]Election NotEnoughGrants, term:3, granted:1
2024/06/29 22:25:12 [1]Election Start, term:4
2024/06/29 22:25:12 [3]Election NotEnoughGrants, term:4, granted:1
2024/06/29 22:25:13 [3]Election Start, term:8
2024/06/29 22:25:13 [4]RequestVote[reject] term:7, voteForId:4 != candidateId:3
2024/06/29 22:25:13 [0]RequestVote[reject] term:6, voteForId:0 != candidateId:3
2024/06/29 22:25:13 [3]Election NotEnoughGrants, term:8, granted:1
2024/06/29 22:25:13 [3]Election Start, term:9
2024/06/29 22:25:13 [4]RequestVote[reject] term:7, voteForId:4 != candidateId:3
2024/06/29 22:25:13 [0]RequestVote[reject] term:6, voteForId:0 != candidateId:3
--- FAIL: TestBackup3B (11.18s)
    config.go:606: one(6638414795221601516) failed to reach agreement
FAIL
exit status 1
FAIL	6.5840/raft	11.831s
